Log file open, 08/31/17 11:21:05
LogWindows: LoadLibraryWithSearchPaths failed for file aqProf.dll. GetLastError=0
LogWindows: LoadLibraryWithSearchPaths failed for file VtuneApi.dll. GetLastError=0
LogWindows: LoadLibraryWithSearchPaths failed for file VtuneApi32e.dll. GetLastError=0
LogInit: Display: Running engine for game: ProjectAlphaOne
LogPlatformFile: Not using cached read wrapper
LogInit: Display: RandInit(1352161648) SRandInit(1352161648).
LogTaskGraph: Started task graph with 5 named threads and 14 total threads with 3 sets of task threads.
LogStats: Stats thread started at 0.179743
LogD3D11RHI: Aftermath initialized
LogPluginManager: Mounting plugin Paper2D
LogPluginManager: Mounting plugin LightPropagationVolume
LogPluginManager: Mounting plugin CodeLiteSourceCodeAccess
LogPluginManager: Mounting plugin GitSourceControl
LogPluginManager: Mounting plugin KDevelopSourceCodeAccess
LogPluginManager: Mounting plugin NullSourceCodeAccess
LogPluginManager: Mounting plugin PerforceSourceControl
LogPluginManager: Mounting plugin SubversionSourceControl
LogPluginManager: Mounting plugin UObjectPlugin
LogPluginManager: Mounting plugin VisualStudioSourceCodeAccess
LogPluginManager: Mounting plugin XCodeSourceCodeAccess
LogPluginManager: Mounting plugin AssetManagerEditor
LogPluginManager: Mounting plugin AudioCapture
LogPluginManager: Mounting plugin FacialAnimation
LogPluginManager: Mounting plugin GameplayTagsEditor
LogPluginManager: Mounting plugin MobileLauncherProfileWizard
LogPluginManager: Mounting plugin PluginBrowser
LogPluginManager: Mounting plugin SpeedTreeImporter
LogPluginManager: Mounting plugin AlembicImporter
LogPluginManager: Mounting plugin CharacterAI
LogPluginManager: Mounting plugin HTML5Networking
LogPluginManager: Mounting plugin AndroidMedia
LogPluginManager: Mounting plugin AvfMedia
LogPluginManager: Mounting plugin MediaPlayerEditor
LogPluginManager: Mounting plugin WmfMedia
LogPluginManager: Mounting plugin TcpMessaging
LogPluginManager: Mounting plugin UdpMessaging
LogPluginManager: Mounting plugin LevelSequenceEditor
LogPluginManager: Mounting plugin MatineeToLevelSequence
LogPluginManager: Mounting plugin OnlineSubsystemGooglePlay
LogPluginManager: Mounting plugin OnlineSubsystemIOS
LogPluginManager: Mounting plugin OnlineSubsystem
LogPluginManager: Mounting plugin OnlineSubsystemNull
LogPluginManager: Mounting plugin OnlineSubsystemUtils
LogPluginManager: Mounting plugin AndroidDeviceProfileSelector
LogPluginManager: Mounting plugin AndroidMoviePlayer
LogPluginManager: Mounting plugin AndroidPermission
LogPluginManager: Mounting plugin AppleMoviePlayer
LogPluginManager: Mounting plugin ArchVisCharacter
LogPluginManager: Mounting plugin CableComponent
LogPluginManager: Mounting plugin CustomMeshComponent
LogPluginManager: Mounting plugin ExampleDeviceProfileSelector
LogPluginManager: Mounting plugin GoogleCloudMessaging
LogPluginManager: Mounting plugin ImmediatePhysics
LogPluginManager: Mounting plugin IOSDeviceProfileSelector
LogPluginManager: Mounting plugin LinuxDeviceProfileSelector
LogPluginManager: Mounting plugin LocationServicesBPLibrary
LogPluginManager: Mounting plugin MobilePatchingUtils
LogPluginManager: Mounting plugin OculusVR
LogPluginManager: Mounting plugin PhysXVehicles
LogPluginManager: Mounting plugin ProceduralMeshComponent
LogPluginManager: Mounting plugin RuntimePhysXCooking
LogPluginManager: Mounting plugin SteamVR
LogPluginManager: Mounting plugin WindowsMoviePlayer
LogInit: Using libcurl 7.47.1
LogInit:  - built for x86_64-pc-win32
LogInit:  - supports SSL with OpenSSL/1.0.2g
LogInit:  - supports HTTP deflate (compression) using libz 1.2.8
LogInit:  - other features:
LogInit:      CURL_VERSION_SSL
LogInit:      CURL_VERSION_LIBZ
LogInit:      CURL_VERSION_IPV6
LogInit:      CURL_VERSION_ASYNCHDNS
LogInit:      CURL_VERSION_LARGEFILE
LogInit:      CURL_VERSION_IDN
LogInit:  CurlRequestOptions (configurable via config and command line):
LogInit:  - bVerifyPeer = false  - Libcurl will NOT verify peer certificate
LogInit:  - bUseHttpProxy = false  - Libcurl will NOT use HTTP proxy
LogInit:  - bDontReuseConnections = false  - Libcurl will reuse connections
LogInit:  - CertBundlePath = nullptr  - Libcurl will use whatever was configured at build time.
LogInit: Build: ++UE4+Release-4.17-CL-3573198
LogInit: Engine Version: 4.17.0-3573198+++UE4+Release-4.17
LogInit: Compatible Engine Version: 4.17.0-3573198+++UE4+Release-4.17
LogInit: Net CL: 3573198
LogDevObjectVersion: Number of dev versions registered: 16
LogDevObjectVersion:   Dev-Blueprints (B0D832E4-1F89-4F0D-ACCF-7EB736FD4AA2): 10
LogDevObjectVersion:   Dev-Build (E1C64328-A22C-4D53-A36C-8E866417BD8C): 0
LogDevObjectVersion:   Dev-Core (375EC13C-06E4-48FB-B500-84F0262A717E): 2
LogDevObjectVersion:   Dev-Editor (E4B068ED-F494-42E9-A231-DA0B2E46BB41): 20
LogDevObjectVersion:   Dev-Framework (CFFC743F-43B0-4480-9391-14DF171D2073): 28
LogDevObjectVersion:   Dev-Mobile (B02B49B5-BB20-44E9-A304-32B752E40360): 0
LogDevObjectVersion:   Dev-Networking (A4E4105C-59A1-49B5-A7C5-40C4547EDFEE): 0
LogDevObjectVersion:   Dev-Online (39C831C9-5AE6-47DC-9A44-9C173E1C8E7C): 0
LogDevObjectVersion:   Dev-Physics (78F01B33-EBEA-4F98-B9B4-84EACCB95AA2): 0
LogDevObjectVersion:   Dev-Platform (6631380F-2D4D-43E0-8009-CF276956A95A): 0
LogDevObjectVersion:   Dev-Rendering (12F88B9F-8875-4AFC-A67C-D90C383ABD29): 19
LogDevObjectVersion:   Dev-Sequencer (7B5AE74C-D270-4C10-A958-57980B212A5A): 4
LogDevObjectVersion:   Dev-VR (D7296918-1DD6-4BDD-9DE2-64A83CC13884): 0
LogDevObjectVersion:   Dev-LoadTimes (C2A15278-BFE7-4AFE-6C17-90FF531DF755): 1
LogDevObjectVersion:   Private-Geometry (6EACA3D4-40EC-4CC1-B786-8BED09428FC5): 1
LogDevObjectVersion:   Dev-AnimPhys (29E575DD-E0A3-4627-9D10-D276232CDCEA): 7
LogInit: Compiled (64-bit): Aug  4 2017 16:30:33
LogInit: Compiled with Visual C++: 19.00.24215.01
LogInit: Build Configuration: Development
LogInit: Branch Name: ++UE4+Release-4.17
LogInit: Command line: -EpicPortal 
LogInit: Base directory: C:/Program Files/Epic Games/UE_4.17/Engine/Binaries/Win64/
LogInit: Installed Engine Build: 1
LogInit: Presizing for max 8388607 objects, including 0 objects not considered by GC, pre-allocating 0 bytes for permanent pool.
LogInit: Object subsystem initialized
[2017.08.30-23.21.06:788][  0]LogInit: Selected Device Profile: [Windows]
[2017.08.30-23.21.06:788][  0]LogInit: Applying CVar settings loaded from the selected device profile: [Windows]
[2017.08.30-23.21.06:800][  0]LogInit: Computer: DT
[2017.08.30-23.21.06:800][  0]LogInit: User: JamieTelford
[2017.08.30-23.21.06:800][  0]LogInit: CPU Page size=4096, Cores=4
[2017.08.30-23.21.06:800][  0]LogInit: High frequency timer resolution =3.328131 MHz
[2017.08.30-23.21.06:800][  0]LogMemory: Memory total: Physical=15.9GB (16GB approx)
[2017.08.30-23.21.06:800][  0]LogMemory: Platform Memory Stats for Windows
[2017.08.30-23.21.06:800][  0]LogMemory: Process Physical Memory: 278.20 MB used, 278.20 MB peak
[2017.08.30-23.21.06:800][  0]LogMemory: Process Virtual Memory: 274.53 MB used, 274.53 MB peak
[2017.08.30-23.21.06:800][  0]LogMemory: Physical Memory: 7718.56 MB used,  8608.65 MB free, 16327.21 MB total
[2017.08.30-23.21.06:800][  0]LogMemory: Virtual Memory: 668.74 MB used,  8608.65 MB free, 134217728.00 MB total
[2017.08.30-23.21.07:130][  0]LogInit: Using OS detected language (en-US).
[2017.08.30-23.21.07:130][  0]LogInit: Using OS detected locale (en-US).
[2017.08.30-23.21.07:138][  0]LogTextLocalizationManager: No specific localization for 'en-US' exists, so the 'en' localization will be used.
[2017.08.30-23.21.08:095][  0]LogD3D11RHI: D3D11 adapters:
[2017.08.30-23.21.08:172][  0]LogD3D11RHI:    0. 'NVIDIA GeForce GTX 1070' (Feature Level 11_0)
[2017.08.30-23.21.08:172][  0]LogD3D11RHI:       8145/0/8163 MB DedicatedVideo/DedicatedSystem/SharedSystem, Outputs:2, VendorId:0x10de
[2017.08.30-23.21.08:174][  0]LogD3D11RHI:    1. 'Microsoft Basic Render Driver' (Feature Level 11_0)
[2017.08.30-23.21.08:174][  0]LogD3D11RHI:       0/0/8163 MB DedicatedVideo/DedicatedSystem/SharedSystem, Outputs:0, VendorId:0x1414
[2017.08.30-23.21.08:174][  0]LogD3D11RHI: Chosen D3D11 Adapter: 0
[2017.08.30-23.21.08:181][  0]LogD3D11RHI: Creating new Direct3DDevice
[2017.08.30-23.21.08:181][  0]LogD3D11RHI:     GPU DeviceId: 0x1b81 (for the marketing name, search the web for "GPU Device Id")
[2017.08.30-23.21.08:181][  0]LogWindows: EnumDisplayDevices:
[2017.08.30-23.21.08:181][  0]LogWindows:    0. 'NVIDIA GeForce GTX 1070' (P:1 D:1)
[2017.08.30-23.21.08:181][  0]LogWindows:    1. 'NVIDIA GeForce GTX 1070' (P:0 D:0)
[2017.08.30-23.21.08:181][  0]LogWindows:    2. 'NVIDIA GeForce GTX 1070' (P:0 D:1)
[2017.08.30-23.21.08:182][  0]LogWindows:    3. 'NVIDIA GeForce GTX 1070' (P:0 D:0)
[2017.08.30-23.21.08:182][  0]LogWindows: DebugString: FoundDriverCount:4 
[2017.08.30-23.21.08:182][  0]LogD3D11RHI:     Adapter Name: NVIDIA GeForce GTX 1070
[2017.08.30-23.21.08:182][  0]LogD3D11RHI:   Driver Version: 376.53 (internal:21.21.13.7653, unified:376.53)
[2017.08.30-23.21.08:182][  0]LogD3D11RHI:      Driver Date: 12-29-2016
[2017.08.30-23.21.08:182][  0]LogRHI: Texture pool is 1361 MB (70% of 1945 MB)
[2017.08.30-23.21.08:215][  0]LogD3D11RHI: Async texture creation enabled
[2017.08.30-23.21.08:252][  0]LogD3D11RHI: GPU Timing Frequency: 1000.000000 (Debug: 2 6)
[2017.08.30-23.21.08:350][  0]LogShaderCompilers: Guid format shader working directory is 15 characters bigger than the processId version (../../../../../../repo/ProjectAlphaOne/Intermediate/Shaders/WorkingDirectory/14952/).
[2017.08.30-23.21.08:350][  0]LogShaderCompilers: Cleaned the shader compiler working directory 'C:/Users/jamie.telford/AppData/Local/Temp/UnrealShaderWorkingDir/717EC19B4796AB60D0A137996DBA529C/'.
[2017.08.30-23.21.08:350][  0]LogShaderCompilers: Display: Using Local Shader Compiler.
[2017.08.30-23.21.09:560][  0]LogTemp: Display: Loaded TP AllDesktopTargetPlatform
[2017.08.30-23.21.09:656][  0]LogTemp: Display: Loaded TP MacClientTargetPlatform
[2017.08.30-23.21.09:746][  0]LogTemp: Display: Loaded TP MacNoEditorTargetPlatform
[2017.08.30-23.21.09:840][  0]LogTemp: Display: Loaded TP MacServerTargetPlatform
[2017.08.30-23.21.09:940][  0]LogTemp: Display: Loaded TP MacTargetPlatform
[2017.08.30-23.21.10:038][  0]LogTemp: Display: Loaded TP WindowsClientTargetPlatform
[2017.08.30-23.21.10:127][  0]LogTemp: Display: Loaded TP WindowsNoEditorTargetPlatform
[2017.08.30-23.21.10:222][  0]LogTemp: Display: Loaded TP WindowsServerTargetPlatform
[2017.08.30-23.21.10:304][  0]LogTemp: Display: Loaded TP WindowsTargetPlatform
[2017.08.30-23.21.10:395][  0]LogTemp: Display: Loaded TP AndroidTargetPlatform
[2017.08.30-23.21.10:491][  0]LogTemp: Display: Loaded TP Android_ASTCTargetPlatform
[2017.08.30-23.21.10:583][  0]LogTemp: Display: Loaded TP Android_ATCTargetPlatform
[2017.08.30-23.21.10:691][  0]LogTemp: Display: Loaded TP Android_DXTTargetPlatform
[2017.08.30-23.21.10:800][  0]LogTemp: Display: Loaded TP Android_ETC1TargetPlatform
[2017.08.30-23.21.10:898][  0]LogTemp: Display: Loaded TP Android_ETC2TargetPlatform
[2017.08.30-23.21.11:089][  0]LogTemp: Display: Loaded TP Android_MultiTargetPlatform
[2017.08.30-23.21.11:089][  0]LogTemp: Display: Loaded TP Android_PVRTCTargetPlatform
[2017.08.30-23.21.11:193][  0]LogTemp: Display: Loaded TP HTML5TargetPlatform
[2017.08.30-23.21.11:357][  0]LogTemp: Display: Loaded TP IOSTargetPlatform
[2017.08.30-23.21.11:411][  0]LogTemp: Display: Loaded TP TVOSTargetPlatform
[2017.08.30-23.21.11:500][  0]LogTemp: Display: Loaded TP LinuxClientTargetPlatform
[2017.08.30-23.21.11:596][  0]LogTemp: Display: Loaded TP LinuxNoEditorTargetPlatform
[2017.08.30-23.21.11:688][  0]LogTemp: Display: Loaded TP LinuxServerTargetPlatform
[2017.08.30-23.21.11:801][  0]LogTemp: Display: Loaded TP LinuxTargetPlatform
[2017.08.30-23.21.11:802][  0]LogTargetPlatformManager: Display: Building Assets For Windows
[2017.08.30-23.21.12:760][  0]LogDerivedDataCache: Display: Max Cache Size: 512 MB
[2017.08.30-23.21.12:848][  0]LogDerivedDataCache: Loaded boot cache 0.09s 93MB C:/Users/jamie.telford/AppData/Local/UnrealEngine/4.17/DerivedDataCache/Boot.ddc.
[2017.08.30-23.21.12:848][  0]LogDerivedDataCache: Display: Loaded Boot cache: C:/Users/jamie.telford/AppData/Local/UnrealEngine/4.17/DerivedDataCache/Boot.ddc
[2017.08.30-23.21.12:848][  0]LogDerivedDataCache: FDerivedDataBackendGraph:  Pak pak cache file ../../../../../../repo/ProjectAlphaOne/DerivedDataCache/DDC.ddp not found, will not use a pak cache.
[2017.08.30-23.21.12:848][  0]LogDerivedDataCache: Unable to find inner node Pak for hierarchical cache Hierarchy.
[2017.08.30-23.21.12:848][  0]LogDerivedDataCache: FDerivedDataBackendGraph:  CompressedPak pak cache file ../../../../../../repo/ProjectAlphaOne/DerivedDataCache/Compressed.ddp not found, will not use a pak cache.
[2017.08.30-23.21.12:848][  0]LogDerivedDataCache: Unable to find inner node CompressedPak for hierarchical cache Hierarchy.
[2017.08.30-23.21.12:865][  0]LogDerivedDataCache: Display: Pak cache opened for reading ../../../Engine/DerivedDataCache/Compressed.ddp.
[2017.08.30-23.21.12:878][  0]LogDerivedDataCache: Using Local data cache path C:/Users/jamie.telford/AppData/Local/UnrealEngine/Common/DerivedDataCache: Writable
[2017.08.30-23.21.12:888][  0]LogMaterial: Verifying Global Shaders for PCD3D_SM5
[2017.08.30-23.21.12:888][  0]LogSlate: Using Freetype 2.6.0
[2017.08.30-23.21.12:890][  0]LogSlate: SlateFontCache - WITH_FREETYPE: 1, WITH_HARFBUZZ: 1
[2017.08.30-23.21.12:890][  0]LogSlate: SlateFontCache - WITH_FREETYPE: 1, WITH_HARFBUZZ: 1
[2017.08.30-23.21.13:255][  0]LogAssetRegistry: FAssetRegistry took 0.0268 seconds to start up
[2017.08.30-23.21.13:427][  0]LogInit: Selected Device Profile: [Windows]
[2017.08.30-23.21.13:601][  0]LogContentStreaming: Texture pool size is 0.00 MB
[2017.08.30-23.21.14:185][  0]LogSimplygon: Simplygon DLL not present - disabling.
[2017.08.30-23.21.14:274][  0]LogMeshReduction: Using SimplygonSwarm for distributed automatic mesh merging
[2017.08.30-23.21.14:274][  0]LogMeshReduction: Using QuadricMeshReduction for automatic static mesh reduction
[2017.08.30-23.21.14:274][  0]LogMeshReduction: No automatic skeletal mesh reduction module available
[2017.08.30-23.21.14:274][  0]LogMeshReduction: No automatic mesh merging module available
[2017.08.30-23.21.14:274][  0]LogMeshMerging: No automatic mesh merging module available
[2017.08.30-23.21.14:716][  0]LogNetVersion: ProjectAlphaOne , NetCL: 3573198, EngineNetVer: 2, GameNetVer: 0 (Checksum: 741265258)
[2017.08.30-23.21.15:032][  0]LogPackageLocalizationCache: Processed 5 localized package path(s) for 2 prioritized culture(s) in 0.033466 seconds
[2017.08.30-23.21.15:040][  0]LogUObjectArray: 35825 objects as part of root set at end of initial load.
[2017.08.30-23.21.15:040][  0]LogUObjectAllocator: 7529104 out of 0 bytes used by permanent object pool.
[2017.08.30-23.21.15:040][  0]LogUObjectArray: CloseDisregardForGC: 0/0 objects in disregard for GC pool
[2017.08.30-23.21.15:165][  0]LogInit: WinSock: version 1.1 (2.2), MaxSocks=32767, MaxUdp=65467
[2017.08.30-23.21.19:920][  0]LogTcpMessaging: Initializing TcpMessaging bridge
[2017.08.30-23.21.19:992][  0]LogUdpMessaging: Initializing bridge on interface 0.0.0.0:0 to multicast group 230.0.0.1:6666.
[2017.08.30-23.21.21:153][  0]LogMaterial: Uniform references updated for custom material expression Custom.
[2017.08.30-23.21.21:888][  0]SourceControl: Source control is disabled
[2017.08.30-23.21.21:888][  0]SourceControl: Source control is disabled
[2017.08.30-23.21.21:989][  0]SourceControl: Source control is disabled
[2017.08.30-23.21.22:079][  0]SourceControl: Source control is disabled
[2017.08.30-23.21.23:205][  0]LogAndroidPermission: UAndroidPermissionCallbackProxy::GetInstance
[2017.08.30-23.21.23:647][  0]LogOcInput: OculusInput pre-init called
[2017.08.30-23.21.24:084][  0]LogEngine: Initializing Engine...
[2017.08.30-23.21.24:101][  0]LogHMD: Failed to initialize OpenVR with code 126
[2017.08.30-23.21.24:336][  0]LogStats: UGameplayTagsManager::ConstructGameplayTagTree: Construct from data asset -  0.000 s
[2017.08.30-23.21.24:336][  0]LogStats: UGameplayTagsManager::ConstructGameplayTagTree: GameplayTagTreeChangedEvent.Broadcast -  0.000 s
[2017.08.30-23.21.24:594][  0]LogAIModule: Creating AISystem for world Untitled
[2017.08.30-23.21.24:604][  0]LogInit: XAudio2 using 'VPL-EW5-C (NVIDIA High Definition Audio)' : 2 channels at 48 kHz using 16 bits per sample (channel mask 0x3)
[2017.08.30-23.21.24:620][  0]LogInit: FAudioDevice initialized.
[2017.08.30-23.21.24:783][  0]LogDerivedDataCache: Saved boot cache 0.16s 93MB C:/Users/jamie.telford/AppData/Local/UnrealEngine/4.17/DerivedDataCache/Boot.ddc.
[2017.08.30-23.21.24:795][  0]LogInit: Texture streaming: Enabled
[2017.08.30-23.21.25:035][  0]LogEngineSessionManager: EngineSessionManager initialized
[2017.08.30-23.21.25:468][  0]LogInit: Transaction tracking system initialized
[2017.08.30-23.21.26:102][  0]BlueprintLog: New page: Editor Load
[2017.08.30-23.21.27:951][  0]LocalizationService: Localization service is disabled
[2017.08.30-23.21.29:465][  0]LogConsoleResponse: Display: 
[2017.08.30-23.21.29:693][  0]LogFileCache: Scanning file cache for directory 'C:/repo/ProjectAlphaOne/Content/' took 0.01s
[2017.08.30-23.21.29:693][  0]LogCook: Display: Max memory allowance for cook 16384mb min free memory 0mb
[2017.08.30-23.21.29:693][  0]LogCook: Display: Mobile HDR setting 1
[2017.08.30-23.21.29:693][  0]LogGameplayTags: Display: UGameplayTagsManager::DoneAddingNativeTags. DelegateIsBound: 0
[2017.08.30-23.21.31:684][  0]SourceControl: Source control is disabled
[2017.08.30-23.21.31:684][  0]Cmd: MAP LOAD FILE="../../../Engine/Content/Maps/Templates/Template_Default.umap" TEMPLATE=1 SHOWPROGRESS=1 FEATURELEVEL=3
[2017.08.30-23.21.31:685][  0]LightingResults: New page: Lighting Build
[2017.08.30-23.21.31:764][  0]MapCheck: New page: Map Check
[2017.08.30-23.21.31:764][  0]LightingResults: New page: Lighting Build
[2017.08.30-23.21.31:938][  0]LogAIModule: Creating AISystem for world Untitled_1
[2017.08.30-23.21.31:945][  0]LogEditorServer: Finished looking for orphan Actors (0.000 secs)
[2017.08.30-23.21.31:956][  0]Cmd: MAP CHECKDEP NOCLEARLOG
[2017.08.30-23.21.32:127][  0]MapCheck: Map check complete: 0 Error(s), 0 Warning(s), took 171.475ms to complete.
[2017.08.30-23.21.32:127][  0]LogFileHelpers: Loading map 'Template_Default' took 0.443
[2017.08.30-23.21.32:311][  0]LogCollectionManager: Loaded 0 collections in 0.001942 seconds
[2017.08.30-23.21.32:443][  0]LogFileCache: Scanning file cache for directory 'C:/repo/ProjectAlphaOne/Saved/Collections/' took 0.01s
[2017.08.30-23.21.32:443][  0]LogFileCache: Scanning file cache for directory 'C:/repo/ProjectAlphaOne/Content/Developers/JamieTelford/Collections/' took 0.01s
[2017.08.30-23.21.32:443][  0]LogFileCache: Scanning file cache for directory 'C:/repo/ProjectAlphaOne/Content/Collections/' took 0.01s
[2017.08.30-23.21.32:443][  0]LogCollectionManager: Rebuilt the GUID cache for 0 collections in 0.000000 seconds
[2017.08.30-23.21.32:455][  0]LogContentBrowser: Native class hierarchy populated in 0.0119 seconds. Added 2386 classes and 500 folders.
[2017.08.30-23.21.32:580][  0]LogContentBrowser: Native class hierarchy updated for 'WidgetCarousel' in 0.0005 seconds. Added 0 classes and 0 folders.
[2017.08.30-23.21.32:633][  0]LogContentBrowser: Native class hierarchy updated for 'AddContentDialog' in 0.0005 seconds. Added 0 classes and 0 folders.
[2017.08.30-23.21.32:713][  0]LogContentBrowser: Native class hierarchy updated for 'SceneOutliner' in 0.0005 seconds. Added 1 classes and 2 folders.
[2017.08.30-23.21.32:776][  0]LogSlate: Took 0.000674 seconds to synchronously load lazily loaded font '../../../Engine/Content/Slate/Fonts/Roboto-Regular.ttf' (155K)
[2017.08.30-23.21.32:779][  0]LogSlate: Took 0.000615 seconds to synchronously load lazily loaded font '../../../Engine/Content/Slate/Fonts/Roboto-Bold.ttf' (160K)
[2017.08.30-23.21.32:785][  0]LogSlate: Took 0.001116 seconds to synchronously load lazily loaded font '../../../Engine/Content/Editor/Slate/Fonts/FontAwesome.ttf' (139K)
[2017.08.30-23.21.32:902][  0]LogRenderer: Reallocating scene render targets to support 1160x488 Format 10 NumSamples 1 (Frame:1).
[2017.08.30-23.21.33:355][  0]LogContentBrowser: Native class hierarchy updated for 'HierarchicalLODOutliner' in 0.0007 seconds. Added 1 classes and 2 folders.
[2017.08.30-23.21.33:356][  0]LogLoad: (Engine Initialization) Total time: 28.62 seconds
[2017.08.30-23.21.33:356][  0]LogLoad: (Engine Initialization) Total Blueprint compile time: 0.00 seconds
[2017.08.30-23.21.33:356][  0]LogExternalProfiler: Found external profiler: VSPerf
[2017.08.30-23.21.33:356][  0]LogExternalProfiler: Using external profiler: VSPerf
[2017.08.30-23.21.33:690][  0]LogWindowsTextInputMethodSystem: Display: IME system now deactivated.
[2017.08.30-23.21.33:712][  0]LogAssetRegistry: Asset discovery search completed in 20.4796 seconds
[2017.08.30-23.21.33:713][  0]LogCollectionManager: Rebuilt the object cache for 0 collections in 0.000001 seconds (found 0 objects)
[2017.08.30-23.21.33:713][  0]LogCollectionManager: Fixed up redirectors for 0 collections in 0.000042 seconds (updated 0 objects)
[2017.08.30-23.21.33:716][  0]LogContentStreaming: Texture pool size now 1000 MB
